{"ip":"::1","level":"info","message":"Request recibido","method":"GET","service":"ecommerce-api","timestamp":"2025-09-09 20:35:00","url":"/"}
{"ip":"::1","level":"info","message":"Request recibido","method":"GET","service":"ecommerce-api","timestamp":"2025-09-09 20:37:16","url":"/api/products"}
{"ip":"::1","level":"info","message":"Request recibido","method":"GET","service":"ecommerce-api","timestamp":"2025-09-09 20:37:24","url":"/api/products/68a91d6239b4b07627634433"}
{"ip":"::1","level":"info","message":"Request recibido","method":"GET","service":"ecommerce-api","timestamp":"2025-09-09 20:37:31","url":"/api/products/invalid-id"}
{"ip":"::1","level":"info","message":"Request recibido","method":"GET","service":"ecommerce-api","timestamp":"2025-09-09 20:38:00","url":"/api/products/invalid-id"}
{"ip":"::1","level":"info","message":"Request recibido","method":"GET","service":"ecommerce-api","timestamp":"2025-09-09 20:38:09","url":"/api/products/123"}
{"ip":"::1","level":"info","message":"Request recibido","method":"GET","service":"ecommerce-api","timestamp":"2025-09-09 20:38:19","url":"/api/categories"}
{"ip":"::1","level":"info","message":"Request recibido","method":"POST","service":"ecommerce-api","timestamp":"2025-09-09 20:38:30","url":"/api/auth/register"}
{"ip":"::1","level":"info","message":"Request recibido","method":"POST","service":"ecommerce-api","timestamp":"2025-09-09 20:38:41","url":"/api/products"}
{"ip":"::1","level":"info","message":"Request recibido","method":"POST","service":"ecommerce-api","timestamp":"2025-09-09 20:39:40","url":"/api/products"}
{"ip":"::1","level":"info","message":"Request recibido","method":"POST","service":"ecommerce-api","timestamp":"2025-09-09 20:39:53","url":"/api/products"}
{"ip":"::1","level":"info","message":"Request recibido","method":"GET","service":"ecommerce-api","timestamp":"2025-10-13 20:54:08","url":"/products"}
{"ip":"::1","level":"info","message":"Request recibido","method":"GET","service":"ecommerce-api","timestamp":"2025-10-13 21:15:58","url":"/products"}
{"ip":"::1","level":"info","message":"Request recibido","method":"GET","service":"ecommerce-api","timestamp":"2025-10-13 21:25:55","url":"/products"}
{"ip":"::1","level":"info","message":"Request recibido","method":"GET","service":"ecommerce-api","timestamp":"2025-10-13 21:26:23","url":"/products"}
{"ip":"::1","level":"info","message":"Request recibido","method":"GET","service":"ecommerce-api","timestamp":"2025-10-13 21:33:49","url":"/api/products"}
{"ip":"::1","level":"info","message":"Request recibido","method":"GET","service":"ecommerce-api","timestamp":"2025-10-13 21:34:00","url":"/api/products"}
{"ip":"::1","level":"info","message":"Request recibido","method":"GET","service":"ecommerce-api","timestamp":"2025-10-13 21:34:05","url":"/api/products"}
{"ip":"::1","level":"info","message":"Request recibido","method":"GET","service":"ecommerce-api","timestamp":"2025-10-13 21:34:06","url":"/api/products"}
{"ip":"::1","level":"info","message":"Request recibido","method":"GET","service":"ecommerce-api","timestamp":"2025-10-13 21:34:23","url":"/api/products"}
{"ip":"::1","level":"info","message":"Request recibido","method":"GET","service":"ecommerce-api","timestamp":"2025-10-13 21:34:25","url":"/api/products"}
{"ip":"::1","level":"info","message":"Request recibido","method":"GET","service":"ecommerce-api","timestamp":"2025-10-13 21:34:28","url":"/api/products"}
{"ip":"::1","level":"info","message":"Request recibido","method":"GET","service":"ecommerce-api","timestamp":"2025-10-13 21:34:36","url":"/api/products"}
{"ip":"::1","level":"info","message":"Request recibido","method":"GET","service":"ecommerce-api","timestamp":"2025-10-13 21:34:47","url":"/api/products"}
{"ip":"::1","level":"info","message":"Request recibido","method":"GET","service":"ecommerce-api","timestamp":"2025-10-13 21:44:25","url":"/api/products"}
{"ip":"::1","level":"info","message":"Request recibido","method":"GET","service":"ecommerce-api","timestamp":"2025-10-13 21:46:48","url":"/api/products"}
{"ip":"::1","level":"info","message":"Request recibido","method":"GET","service":"ecommerce-api","timestamp":"2025-10-13 21:47:09","url":"/api/products"}
{"ip":"::1","level":"info","message":"Request recibido","method":"GET","service":"ecommerce-api","timestamp":"2025-10-13 21:54:57","url":"/api/products"}
{"ip":"::1","level":"info","message":"Request recibido","method":"GET","service":"ecommerce-api","timestamp":"2025-10-13 21:55:30","url":"/api/products"}
{"ip":"::1","level":"info","message":"Request recibido","method":"GET","service":"ecommerce-api","timestamp":"2025-10-13 21:55:32","url":"/api/products"}
{"ip":"::1","level":"info","message":"Request recibido","method":"GET","service":"ecommerce-api","timestamp":"2025-10-13 21:55:34","url":"/api/products"}
{"ip":"::1","level":"info","message":"Request recibido","method":"GET","service":"ecommerce-api","timestamp":"2025-10-13 21:55:39","url":"/api/products"}
{"ip":"::1","level":"info","message":"Request recibido","method":"GET","service":"ecommerce-api","timestamp":"2025-10-13 21:55:43","url":"/api/products"}
{"ip":"::1","level":"info","message":"Request recibido","method":"GET","service":"ecommerce-api","timestamp":"2025-10-13 21:56:08","url":"/api/products"}
{"ip":"::1","level":"info","message":"Request recibido","method":"GET","service":"ecommerce-api","timestamp":"2025-10-13 21:56:18","url":"/api/products"}
{"ip":"::1","level":"info","message":"Request recibido","method":"GET","service":"ecommerce-api","timestamp":"2025-10-13 21:56:20","url":"/api/products"}
{"ip":"::1","level":"info","message":"Request recibido","method":"GET","service":"ecommerce-api","timestamp":"2025-10-13 21:56:26","url":"/api/products"}
{"ip":"::1","level":"info","message":"Request recibido","method":"GET","service":"ecommerce-api","timestamp":"2025-10-13 21:56:41","url":"/api/products"}
{"ip":"::1","level":"info","message":"Request recibido","method":"GET","service":"ecommerce-api","timestamp":"2025-10-13 21:57:43","url":"/api/products"}
{"ip":"::1","level":"info","message":"Request recibido","method":"GET","service":"ecommerce-api","timestamp":"2025-10-13 21:59:33","url":"/api/products"}
{"ip":"::1","level":"info","message":"Request recibido","method":"GET","service":"ecommerce-api","timestamp":"2025-10-13 21:59:34","url":"/api/products"}
